<?xml version="1.0" encoding="UTF-8"?>
<testng-results ignored="0" total="1" passed="1" failed="0" skipped="0">
  <reporter-output>
  </reporter-output>
  <suite started-at="2024-10-31T08:42:30 GMT-07:00" name="Suite" finished-at="2024-10-31T08:43:26 GMT-07:00" duration-ms="56294">
    <groups>
    </groups>
    <test started-at="2024-10-31T08:42:30 GMT-07:00" name="Test" finished-at="2024-10-31T08:43:26 GMT-07:00" duration-ms="56294">
      <class name="com.demoblaze.TestCases.TC_testLoginWithValidCredentials_001">
        <test-method is-config="true" signature="setUp()[pri:0, instance:com.demoblaze.TestCases.TC_testLoginWithValidCredentials_001@7ec7ffd3]" started-at="2024-10-31T08:42:30 GMT-07:00" name="setUp" finished-at="2024-10-31T08:43:05 GMT-07:00" duration-ms="35105" status="PASS">
          <reporter-output>
          </reporter-output>
        </test-method> <!-- setUp -->
        <test-method signature="testLoginWithValidCredentials()[pri:0, instance:com.demoblaze.TestCases.TC_testLoginWithValidCredentials_001@7ec7ffd3]" started-at="2024-10-31T08:43:05 GMT-07:00" name="testLoginWithValidCredentials" finished-at="2024-10-31T08:43:25 GMT-07:00" duration-ms="19609" status="PASS">
          <reporter-output>
          </reporter-output>
        </test-method> <!-- testLoginWithValidCredentials -->
        <test-method is-config="true" signature="tearDown()[pri:0, instance:com.demoblaze.TestCases.TC_testLoginWithValidCredentials_001@7ec7ffd3]" started-at="2024-10-31T08:43:25 GMT-07:00" name="tearDown" finished-at="2024-10-31T08:43:26 GMT-07:00" duration-ms="618" status="PASS">
          <reporter-output>
          </reporter-output>
        </test-method> <!-- tearDown -->
      </class> <!-- com.demoblaze.TestCases.TC_testLoginWithValidCredentials_001 -->
    </test> <!-- Test -->
  </suite> <!-- Suite -->
</testng-results>
